<?xml version="1.0" encoding="UTF-8"?>
<!-- Generated by org.testng.reporters.JUnitReportReporter -->
<testsuite hostname="LAPTOP-418MAC0A" failures="0" tests="1" name="banking3.testngmarch27.NewTest" time="15.477" errors="0" timestamp="2023-04-10T22:05:32 EDT" skipped="0">
  <testcase classname="banking3.testngmarch27.NewTest" name="signin_facebbok" time="15.477"/>
  <system-out/>
</testsuite> <!-- banking3.testngmarch27.NewTest -->
